# JRE version: OpenJDK Runtime Environment (11.0.12+7) (build 11.0.12+7-b1504.28-7817840)
# Java VM: OpenJDK 64-Bit Server VM (11.0.12+7-b1504.28-7817840, mixed mode, tiered, compressed oops, g1 gc, windows-amd64)
Heap:
 garbage-first heap   total 229376K, used 189861K [0x00000000c0000000, 0x0000000100000000)
  region size 1024K, 16 young (16384K), 3 survivors (3072K)
 Metaspace       used 116505K, capacity 119986K, committed 120140K, reserved 1153024K
  class space    used 14715K, capacity 15912K, committed 15948K, reserved 1048576K
GC Heap History (20 events):
Event: 195.597 GC heap before
{Heap before GC invocations=130 (full 0):
 garbage-first heap   total 177152K, used 161626K [0x00000000c0000000, 0x0000000100000000)
  region size 1024K, 21 young (21504K), 4 survivors (4096K)
 Metaspace       used 114669K, capacity 118054K, committed 118220K, reserved 1150976K
  class space    used 14551K, capacity 15748K, committed 15820K, reserved 1048576K
}
Event: 195.616 GC heap after
{Heap after GC invocations=131 (full 0):
 garbage-first heap   total 177152K, used 146822K [0x00000000c0000000, 0x0000000100000000)
  region size 1024K, 3 young (3072K), 3 survivors (3072K)
 Metaspace       used 114669K, capacity 118054K, committed 118220K, reserved 1150976K
  class space    used 14551K, capacity 15748K, committed 15820K, reserved 1048576K
}
Event: 195.686 GC heap before
{Heap before GC invocations=131 (full 0):
 garbage-first heap   total 177152K, used 153990K [0x00000000c0000000, 0x0000000100000000)
  region size 1024K, 10 young (10240K), 3 survivors (3072K)
 Metaspace       used 114744K, capacity 118118K, committed 118220K, reserved 1150976K
  class space    used 14551K, capacity 15748K, committed 15820K, reserved 1048576K
}
Event: 195.701 GC heap after
{Heap after GC invocations=132 (full 0):
 garbage-first heap   total 177152K, used 150070K [0x00000000c0000000, 0x0000000100000000)
  region size 1024K, 2 young (2048K), 2 survivors (2048K)
 Metaspace       used 114744K, capacity 118118K, committed 118220K, reserved 1150976K
  class space    used 14551K, capacity 15748K, committed 15820K, reserved 1048576K
}
Event: 195.766 GC heap before
{Heap before GC invocations=132 (full 0):
 garbage-first heap   total 177152K, used 156214K [0x00000000c0000000, 0x0000000100000000)
  region size 1024K, 8 young (8192K), 2 survivors (2048K)
 Metaspace       used 114745K, capacity 118118K, committed 118220K, reserved 1150976K
  class space    used 14551K, capacity 15748K, committed 15820K, reserved 1048576K
}
Event: 195.770 GC heap after
{Heap after GC invocations=133 (full 0):
 garbage-first heap   total 177152K, used 152763K [0x00000000c0000000, 0x0000000100000000)
  region size 1024K, 1 young (1024K), 1 survivors (1024K)
 Metaspace       used 114745K, capacity 118118K, committed 118220K, reserved 1150976K
  class space    used 14551K, capacity 15748K, committed 15820K, reserved 1048576K
}
Event: 195.871 GC heap before
{Heap before GC invocations=134 (full 0):
 garbage-first heap   total 177152K, used 159931K [0x00000000c0000000, 0x0000000100000000)
  region size 1024K, 8 young (8192K), 1 survivors (1024K)
 Metaspace       used 115327K, capacity 118695K, committed 118860K, reserved 1153024K
  class space    used 14614K, capacity 15812K, committed 15948K, reserved 1048576K
}
Event: 195.874 GC heap after
{Heap after GC invocations=135 (full 0):
 garbage-first heap   total 177152K, used 153620K [0x00000000c0000000, 0x0000000100000000)
  region size 1024K, 1 young (1024K), 1 survivors (1024K)
 Metaspace       used 115327K, capacity 118695K, committed 118860K, reserved 1153024K
  class space    used 14614K, capacity 15812K, committed 15948K, reserved 1048576K
}
Event: 195.938 GC heap before
{Heap before GC invocations=135 (full 0):
 garbage-first heap   total 177152K, used 159764K [0x00000000c0000000, 0x0000000100000000)
  region size 1024K, 8 young (8192K), 1 survivors (1024K)
 Metaspace       used 115667K, capacity 119082K, committed 119372K, reserved 1153024K
  class space    used 14646K, capacity 15813K, committed 15948K, reserved 1048576K
}
Event: 195.942 GC heap after
{Heap after GC invocations=136 (full 0):
 garbage-first heap   total 177152K, used 152520K [0x00000000c0000000, 0x0000000100000000)
  region size 1024K, 1 young (1024K), 1 survivors (1024K)
 Metaspace       used 115667K, capacity 119082K, committed 119372K, reserved 1153024K
  class space    used 14646K, capacity 15813K, committed 15948K, reserved 1048576K
}
Event: 196.013 GC heap before
{Heap before GC invocations=136 (full 0):
 garbage-first heap   total 177152K, used 159688K [0x00000000c0000000, 0x0000000100000000)
  region size 1024K, 8 young (8192K), 1 survivors (1024K)
 Metaspace       used 116016K, capacity 119490K, committed 119628K, reserved 1153024K
  class space    used 14683K, capacity 15865K, committed 15948K, reserved 1048576K
}
Event: 196.016 GC heap after
{Heap after GC invocations=137 (full 0):
 garbage-first heap   total 177152K, used 152743K [0x00000000c0000000, 0x0000000100000000)
  region size 1024K, 1 young (1024K), 1 survivors (1024K)
 Metaspace       used 116016K, capacity 119490K, committed 119628K, reserved 1153024K
  class space    used 14683K, capacity 15865K, committed 15948K, reserved 1048576K
}
Event: 196.193 GC heap before
{Heap before GC invocations=138 (full 0):
 garbage-first heap   total 177152K, used 167079K [0x00000000c0000000, 0x0000000100000000)
  region size 1024K, 8 young (8192K), 1 survivors (1024K)
 Metaspace       used 116089K, capacity 119554K, committed 119884K, reserved 1153024K
  class space    used 14687K, capacity 15865K, committed 15948K, reserved 1048576K
}
Event: 196.199 GC heap after
{Heap after GC invocations=139 (full 0):
 garbage-first heap   total 177152K, used 154172K [0x00000000c0000000, 0x0000000100000000)
  region size 1024K, 1 young (1024K), 1 survivors (1024K)
 Metaspace       used 116089K, capacity 119554K, committed 119884K, reserved 1153024K
  class space    used 14687K, capacity 15865K, committed 15948K, reserved 1048576K
}
Event: 196.306 GC heap before
{Heap before GC invocations=139 (full 0):
 garbage-first heap   total 177152K, used 160316K [0x00000000c0000000, 0x0000000100000000)
  region size 1024K, 8 young (8192K), 1 survivors (1024K)
 Metaspace       used 116095K, capacity 119554K, committed 119884K, reserved 1153024K
  class space    used 14687K, capacity 15865K, committed 15948K, reserved 1048576K
}
Event: 196.313 GC heap after
{Heap after GC invocations=140 (full 0):
 garbage-first heap   total 177152K, used 154316K [0x00000000c0000000, 0x0000000100000000)
  region size 1024K, 1 young (1024K), 1 survivors (1024K)
 Metaspace       used 116095K, capacity 119554K, committed 119884K, reserved 1153024K
  class space    used 14687K, capacity 15865K, committed 15948K, reserved 1048576K
}
Event: 196.425 GC heap before
{Heap before GC invocations=140 (full 0):
 garbage-first heap   total 177152K, used 161484K [0x00000000c0000000, 0x0000000100000000)
  region size 1024K, 8 young (8192K), 1 survivors (1024K)
 Metaspace       used 116124K, capacity 119554K, committed 119884K, reserved 1153024K
  class space    used 14687K, capacity 15865K, committed 15948K, reserved 1048576K
}
Event: 196.432 GC heap after
{Heap after GC invocations=141 (full 0):
 garbage-first heap   total 229376K, used 155697K [0x00000000c0000000, 0x0000000100000000)
  region size 1024K, 1 young (1024K), 1 survivors (1024K)
 Metaspace       used 116124K, capacity 119554K, committed 119884K, reserved 1153024K
  class space    used 14687K, capacity 15865K, committed 15948K, reserved 1048576K
}
Event: 196.723 GC heap before
{Heap before GC invocations=142 (full 0):
 garbage-first heap   total 229376K, used 177201K [0x00000000c0000000, 0x0000000100000000)
  region size 1024K, 21 young (21504K), 1 survivors (1024K)
 Metaspace       used 116229K, capacity 119693K, committed 119884K, reserved 1153024K
  class space    used 14695K, capacity 15868K, committed 15948K, reserved 1048576K
}
Event: 196.732 GC heap after
{Heap after GC invocations=143 (full 0):
 garbage-first heap   total 229376K, used 162213K [0x00000000c0000000, 0x0000000100000000)
  region size 1024K, 3 young (3072K), 3 survivors (3072K)
 Metaspace       used 116229K, capacity 119693K, committed 119884K, reserved 1153024K
  class space    used 14695K, capacity 15868K, committed 15948K, reserved 1048576K
}

