# JRE version: OpenJDK Runtime Environment (11.0.12+7) (build 11.0.12+7-b1504.28-7817840)
# Java VM: OpenJDK 64-Bit Server VM (11.0.12+7-b1504.28-7817840, mixed mode, tiered, compressed oops, g1 gc, windows-amd64)
Heap:
 garbage-first heap   total 496640K, used 235082K [0x00000000c0000000, 0x0000000100000000)
  region size 1024K, 9 young (9216K), 9 survivors (9216K)
 Metaspace       used 110280K, capacity 113219K, committed 113544K, reserved 1146880K
  class space    used 14081K, capacity 15200K, committed 15312K, reserved 1048576K
GC Heap History (20 events):
Event: 23.259 GC heap after
{Heap after GC invocations=67 (full 0):
 garbage-first heap   total 178176K, used 140346K [0x00000000c0000000, 0x0000000100000000)
  region size 1024K, 1 young (1024K), 1 survivors (1024K)
 Metaspace       used 105283K, capacity 107847K, committed 108168K, reserved 1142784K
  class space    used 13463K, capacity 14434K, committed 14544K, reserved 1048576K
}
Event: 23.304 GC heap before
{Heap before GC invocations=67 (full 0):
 garbage-first heap   total 178176K, used 149562K [0x00000000c0000000, 0x0000000100000000)
  region size 1024K, 10 young (10240K), 1 survivors (1024K)
 Metaspace       used 105307K, capacity 107850K, committed 108168K, reserved 1142784K
  class space    used 13463K, capacity 14434K, committed 14544K, reserved 1048576K
}
Event: 23.322 GC heap after
{Heap after GC invocations=68 (full 0):
 garbage-first heap   total 212992K, used 145120K [0x00000000c0000000, 0x0000000100000000)
  region size 1024K, 2 young (2048K), 2 survivors (2048K)
 Metaspace       used 105307K, capacity 107850K, committed 108168K, reserved 1142784K
  class space    used 13463K, capacity 14434K, committed 14544K, reserved 1048576K
}
Event: 23.413 GC heap before
{Heap before GC invocations=68 (full 0):
 garbage-first heap   total 212992K, used 162528K [0x00000000c0000000, 0x0000000100000000)
  region size 1024K, 19 young (19456K), 2 survivors (2048K)
 Metaspace       used 105324K, capacity 107850K, committed 108168K, reserved 1142784K
  class space    used 13464K, capacity 14434K, committed 14544K, reserved 1048576K
}
Event: 23.425 GC heap after
{Heap after GC invocations=69 (full 0):
 garbage-first heap   total 212992K, used 154251K [0x00000000c0000000, 0x0000000100000000)
  region size 1024K, 3 young (3072K), 3 survivors (3072K)
 Metaspace       used 105324K, capacity 107850K, committed 108168K, reserved 1142784K
  class space    used 13464K, capacity 14434K, committed 14544K, reserved 1048576K
}
Event: 23.503 GC heap before
{Heap before GC invocations=69 (full 0):
 garbage-first heap   total 212992K, used 168587K [0x00000000c0000000, 0x0000000100000000)
  region size 1024K, 17 young (17408K), 3 survivors (3072K)
 Metaspace       used 105239K, capacity 107710K, committed 108168K, reserved 1142784K
  class space    used 13433K, capacity 14377K, committed 14544K, reserved 1048576K
}
Event: 23.517 GC heap after
{Heap after GC invocations=70 (full 0):
 garbage-first heap   total 212992K, used 162593K [0x00000000c0000000, 0x0000000100000000)
  region size 1024K, 3 young (3072K), 3 survivors (3072K)
 Metaspace       used 105239K, capacity 107710K, committed 108168K, reserved 1142784K
  class space    used 13433K, capacity 14377K, committed 14544K, reserved 1048576K
}
Event: 23.574 GC heap before
{Heap before GC invocations=71 (full 0):
 garbage-first heap   total 212992K, used 174881K [0x00000000c0000000, 0x0000000100000000)
  region size 1024K, 15 young (15360K), 3 survivors (3072K)
 Metaspace       used 105262K, capacity 107774K, committed 108168K, reserved 1142784K
  class space    used 13433K, capacity 14377K, committed 14544K, reserved 1048576K
}
Event: 23.585 GC heap after
{Heap after GC invocations=72 (full 0):
 garbage-first heap   total 212992K, used 169535K [0x00000000c0000000, 0x0000000100000000)
  region size 1024K, 2 young (2048K), 2 survivors (2048K)
 Metaspace       used 105262K, capacity 107774K, committed 108168K, reserved 1142784K
  class space    used 13433K, capacity 14377K, committed 14544K, reserved 1048576K
}
Event: 23.613 GC heap before
{Heap before GC invocations=72 (full 0):
 garbage-first heap   total 212992K, used 177727K [0x00000000c0000000, 0x0000000100000000)
  region size 1024K, 11 young (11264K), 2 survivors (2048K)
 Metaspace       used 105283K, capacity 107778K, committed 108168K, reserved 1142784K
  class space    used 13433K, capacity 14377K, committed 14544K, reserved 1048576K
}
Event: 23.625 GC heap after
{Heap after GC invocations=73 (full 0):
 garbage-first heap   total 380928K, used 175104K [0x00000000c0000000, 0x0000000100000000)
  region size 1024K, 2 young (2048K), 2 survivors (2048K)
 Metaspace       used 105283K, capacity 107778K, committed 108168K, reserved 1142784K
  class space    used 13433K, capacity 14377K, committed 14544K, reserved 1048576K
}
Event: 24.183 GC heap before
{Heap before GC invocations=74 (full 0):
 garbage-first heap   total 380928K, used 232448K [0x00000000c0000000, 0x0000000100000000)
  region size 1024K, 59 young (60416K), 2 survivors (2048K)
 Metaspace       used 108021K, capacity 110693K, committed 110856K, reserved 1144832K
  class space    used 13827K, capacity 14828K, committed 14928K, reserved 1048576K
}
Event: 24.206 GC heap after
{Heap after GC invocations=75 (full 0):
 garbage-first heap   total 380928K, used 191592K [0x00000000c0000000, 0x0000000100000000)
  region size 1024K, 8 young (8192K), 8 survivors (8192K)
 Metaspace       used 108021K, capacity 110693K, committed 110856K, reserved 1144832K
  class space    used 13827K, capacity 14828K, committed 14928K, reserved 1048576K
}
Event: 24.490 GC heap before
{Heap before GC invocations=75 (full 0):
 garbage-first heap   total 380928K, used 248936K [0x00000000c0000000, 0x0000000100000000)
  region size 1024K, 64 young (65536K), 8 survivors (8192K)
 Metaspace       used 108379K, capacity 111166K, committed 111368K, reserved 1146880K
  class space    used 13877K, capacity 14916K, committed 14928K, reserved 1048576K
}
Event: 24.502 GC heap after
{Heap after GC invocations=76 (full 0):
 garbage-first heap   total 380928K, used 193592K [0x00000000c0000000, 0x0000000100000000)
  region size 1024K, 2 young (2048K), 2 survivors (2048K)
 Metaspace       used 108379K, capacity 111166K, committed 111368K, reserved 1146880K
  class space    used 13877K, capacity 14916K, committed 14928K, reserved 1048576K
}
Event: 24.897 GC heap before
{Heap before GC invocations=76 (full 0):
 garbage-first heap   total 380928K, used 255032K [0x00000000c0000000, 0x0000000100000000)
  region size 1024K, 63 young (64512K), 2 survivors (2048K)
 Metaspace       used 109099K, capacity 111909K, committed 112136K, reserved 1146880K
  class space    used 13961K, capacity 15050K, committed 15184K, reserved 1048576K
}
Event: 24.906 GC heap after
{Heap after GC invocations=77 (full 0):
 garbage-first heap   total 380928K, used 202051K [0x00000000c0000000, 0x0000000100000000)
  region size 1024K, 8 young (8192K), 8 survivors (8192K)
 Metaspace       used 109099K, capacity 111909K, committed 112136K, reserved 1146880K
  class space    used 13961K, capacity 15050K, committed 15184K, reserved 1048576K
}
Event: 25.496 GC heap before
{Heap before GC invocations=77 (full 0):
 garbage-first heap   total 380928K, used 272707K [0x00000000c0000000, 0x0000000100000000)
  region size 1024K, 71 young (72704K), 8 survivors (8192K)
 Metaspace       used 109646K, capacity 112576K, committed 112904K, reserved 1146880K
  class space    used 14009K, capacity 15098K, committed 15184K, reserved 1048576K
}
Event: 25.510 GC heap after
{Heap after GC invocations=78 (full 0):
 garbage-first heap   total 380928K, used 210872K [0x00000000c0000000, 0x0000000100000000)
  region size 1024K, 4 young (4096K), 4 survivors (4096K)
 Metaspace       used 109646K, capacity 112576K, committed 112904K, reserved 1146880K
  class space    used 14009K, capacity 15098K, committed 15184K, reserved 1048576K
}
Event: 26.247 GC heap before
{Heap before GC invocations=78 (full 0):
 garbage-first heap   total 380928K, used 294840K [0x00000000c0000000, 0x0000000100000000)
  region size 1024K, 69 young (70656K), 4 survivors (4096K)
 Metaspace       used 110280K, capacity 113219K, committed 113544K, reserved 1146880K
  class space    used 14081K, capacity 15200K, committed 15312K, reserved 1048576K
}

